Arguments: 
  C:\Program Files\nodejs\node.exe C:\Users\bruno\AppData\Roaming\npm\node_modules\yarn\bin\yarn.js add yarn add -D typescript nodemon ts-node @types/

PATH: 
  C:\Users\bruno\bin;C:\Program Files\Git\mingw64\bin;C:\Program Files\Git\usr\local\bin;C:\Program Files\Git\usr\bin;C:\Program Files\Git\usr\bin;C:\Program Files\Git\mingw64\bin;C:\Program Files\Git\usr\bin;C:\Users\bruno\bin;C:\Program Files\Microsoft\jdk-17.0.5.8-hotspot\bin;C:\Program Files\PostgreSQL\15\bin;bin;C:\Program Files\PostgreSQL\15\lib;C:\Windows\System32;C:\Program Files\nodejs;C:\Program Files\nodejs.;C:\Program Files\Docker\Docker\resources\bin;C:\Program Files\dotnet;C:\Program Files\GitHub CLI;C:\Users\bruno\AppData\Roaming\Python\Scripts;C:\Users\bruno\AppData\Local\Programs\Python\Python311\Scripts;C:\Users\bruno\AppData\Local\Programs\Python\Python311;C:\Users\bruno\AppData\Local\Microsoft\WindowsApps;C:\Program Files\heroku\bin;C:\Users\bruno\AppData\Local\GitHubDesktop\bin;C:\Users\bruno\AppData\Local\Programs\Microsoft VS Code\bin;C:\Program Files\PostgreSQL\15\bin;C:\Program Files\PostgreSQL\15\lib;C:\Windows\System32;C:\Users\bruno\AppData\Roaming\npm;C:\Program Files\nodejs.;C:\Users\bruno\Desktop\sites\Arquivo Pra Rodar Ks em VsCode\kotlinc\bin;C:\Users\bruno\.dotnet\tools;C:\Users\bruno\AppData\Roaming\Python\Scripts;C:\Program Files\Git\usr\bin\vendor_perl;C:\Program Files\Git\usr\bin\core_perl

Yarn version: 
  1.22.19

Node version: 
  18.12.1

Platform: 
  win32 x64

Trace: 
  Error: https://registry.yarnpkg.com/@types%2f: Request "https://registry.yarnpkg.com/@types%2f" returned a 405
      at params.callback [as _callback] (C:\Users\bruno\AppData\Roaming\npm\node_modules\yarn\lib\cli.js:66154:18)
      at self.callback (C:\Users\bruno\AppData\Roaming\npm\node_modules\yarn\lib\cli.js:140890:22)
      at Request.emit (node:events:513:28)
      at Request.<anonymous> (C:\Users\bruno\AppData\Roaming\npm\node_modules\yarn\lib\cli.js:141862:10)
      at Request.emit (node:events:513:28)
      at IncomingMessage.<anonymous> (C:\Users\bruno\AppData\Roaming\npm\node_modules\yarn\lib\cli.js:141784:12)
      at Object.onceWrapper (node:events:627:28)
      at IncomingMessage.emit (node:events:525:35)
      at endReadableNT (node:internal/streams/readable:1359:12)
      at process.processTicksAndRejections (node:internal/process/task_queues:82:21)

npm manifest: 
  {
    "name": "backend",
    "version": "1.0.0",
    "main": "index.js",
    "license": "MIT"
  }

yarn manifest: 
  No manifest

Lockfile: 
  No lockfile
